<?xml version="1.0" encoding="UTF-8"?>
<testsuite name="org.wordwrap.WrapperTest" tests="5" skipped="0" failures="0" errors="0" timestamp="2023-03-16T13:56:38" hostname="DESKTOP-AUO9ALU" time="0.057">
  <properties/>
  <testcase name="given_null_value_return_zero()" classname="org.wordwrap.WrapperTest" time="0.044"/>
  <testcase name="given_empty_string_return_zero()" classname="org.wordwrap.WrapperTest" time="0.001"/>
  <testcase name="given_shorter_length_of_text_string_than_column_number_return_same_text_string()" classname="org.wordwrap.WrapperTest" time="0.001"/>
  <testcase name="given_negative_number_return_throw()" classname="org.wordwrap.WrapperTest" time="0.004"/>
  <testcase name="given_longest_text_string_than_column_number_return_text_string_with_corrects_breaks_lines()" classname="org.wordwrap.WrapperTest" time="0.002"/>
  <system-out><![CDATA[]]></system-out>
  <system-err><![CDATA[]]></system-err>
</testsuite>
