<?xml version="1.0" encoding="UTF-8"?>
<testsuite name="org.wordwrap.WrapperTest" tests="2" skipped="0" failures="0" errors="0" timestamp="2023-03-16T09:42:53" hostname="DESKTOP-AUO9ALU" time="0.031">
  <properties/>
  <testcase name="given_null_value_return_zero()" classname="org.wordwrap.WrapperTest" time="0.028"/>
  <testcase name="given_empty_string_return_zero()" classname="org.wordwrap.WrapperTest" time="0.002"/>
  <system-out><![CDATA[]]></system-out>
  <system-err><![CDATA[]]></system-err>
</testsuite>
