<?xml version="1.0" encoding="UTF-8"?>
<testsuite name="org.wordwrap.WrapperTest" tests="1" skipped="0" failures="0" errors="0" timestamp="2023-03-16T10:09:16" hostname="DESKTOP-AUO9ALU" time="0.039">
  <properties/>
  <testcase name="given_negative_number_return_throw()" classname="org.wordwrap.WrapperTest" time="0.039"/>
  <system-out><![CDATA[]]></system-out>
  <system-err><![CDATA[]]></system-err>
</testsuite>
