<?xml version="1.0" encoding="UTF-8"?>
<testsuite name="org.wordwrap.WrapperTest" tests="1" skipped="0" failures="0" errors="0" timestamp="2023-03-16T09:55:27" hostname="DESKTOP-AUO9ALU" time="0.05">
  <properties/>
  <testcase name="given_shorter_length_of_text_string_than_column_number_return_same_text_string()" classname="org.wordwrap.WrapperTest" time="0.05"/>
  <system-out><![CDATA[]]></system-out>
  <system-err><![CDATA[]]></system-err>
</testsuite>
